FullRoster:

Please give the file name: 
C:\Users\lscaturchio\Desktop\Coding\FullRoster.txt
Abhay matches with Adam with the score 100
Alan matches with Alexander with the score 100
Alexandra matches with Alfred with the score 100
Analisa matches with Andrea with the score 100
Andrew has no matches.
Angelina has no matches.
Antonietta Vicky has no matches.
Arun Premnath has no matches.
Chih has no matches.
Colin matches with Daniel with the score 100
Cynthia matches with Kristina with the score 99
Dalila matches with Lien T. with the score 87
Dana Colleen matches with Kristin Lunney with the score 96
Kristal matches with Lauren with the score 92
Kurt has no matches.
Lifen has no matches.

Students:

Please give the file name: 
C:\Users\lscaturchio\Desktop\Coding\Students.txt
Abey matches with Melissa with the score 60
John matches with Jeff with the score 100
Craig has no matches.
