AFRICA|AFRICA|408345.74
AFRICA|AMERICA|411255.46
AFRICA|ASIA|422359.65
AFRICA|EUROPE|439687.23
AFRICA|MIDDLE EAST|409770.83
AMERICA|AFRICA|431771.98
AMERICA|AMERICA|466001.28
AMERICA|ASIA|422359.65
AMERICA|EUROPE|439687.23
AMERICA|MIDDLE EAST|409770.83
ASIA|AFRICA|431771.98
ASIA|AMERICA|466001.28
ASIA|ASIA|422359.65
ASIA|EUROPE|439687.23
ASIA|MIDDLE EAST|403464.01
EUROPE|AFRICA|431771.98
EUROPE|AMERICA|466001.28
EUROPE|ASIA|422359.65
EUROPE|EUROPE|439687.23
EUROPE|MIDDLE EAST|409770.83
MIDDLE EAST|AFRICA|431771.98
MIDDLE EAST|AMERICA|362024.17
MIDDLE EAST|ASIA|422359.65
MIDDLE EAST|EUROPE|439687.23
MIDDLE EAST|MIDDLE EAST|397797.8
