almond lemon olive smoke moccasin
almond smoke red metallic tan
antique gainsboro light magenta brown
antique goldenrod floral forest slate
antique orchid cornflower puff almond
aquamarine coral lemon ivory gainsboro
aquamarine steel firebrick light turquoise
azure beige olive dim orange
beige slate magenta dim salmon
bisque chiffon orange misty tan
bisque cyan rosy ivory blanched
bisque frosted khaki linen royal
bisque indian smoke beige linen
bisque misty sky cornflower peach
bisque salmon cyan powder sandy
bisque sienna hot goldenrod khaki
black pink plum blanched linen
black tan salmon maroon chartreuse
blanched peach salmon chiffon azure
blue gainsboro maroon green burnished
blue lemon hot burnished salmon
blue medium royal blush ghost
blush chocolate light coral midnight
blush firebrick misty blanched purple
blush sienna honeydew yellow goldenrod
burlywood dark blue thistle navajo
burnished dim gainsboro thistle blue
burnished firebrick ivory peru steel
burnished frosted ghost olive powder
burnished grey honeydew green linen
chartreuse navajo moccasin orchid spring
chartreuse peach spring cornflower tan
chartreuse seashell powder navy grey
chiffon bisque sienna black royal
chiffon blanched grey midnight deep
chiffon goldenrod grey light coral
chiffon salmon beige pink yellow
chocolate blue smoke azure sandy
chocolate light firebrick rose indian
coral mint sky rosy red
coral navy aquamarine hot turquoise
coral orchid grey lavender misty
cornflower brown rosy seashell mint
cornflower white papaya violet navajo
cornsilk burnished black blanched turquoise
cornsilk powder bisque chartreuse spring
cornsilk tomato chiffon bisque navy
cream lavender black grey royal
cyan lime lawn misty mint
dark aquamarine tomato medium puff
dark firebrick peach mint light
dark hot grey peach black
dark indian snow cornflower cream
deep wheat forest powder firebrick
dim almond turquoise beige royal
dim blanched sienna indian sandy
dim magenta cyan spring peach
dim midnight beige lace hot
dim puff frosted brown sky
dodger moccasin chocolate burlywood drab
dodger purple green peach navajo
drab mint ghost dark metallic
drab smoke metallic pale dark
firebrick azure mint chocolate wheat
firebrick thistle lime frosted khaki
floral blush snow linen almond
forest chartreuse plum royal papaya
forest steel floral orange frosted
frosted blush firebrick linen salmon
frosted chocolate spring peach lawn
frosted cornflower khaki salmon metallic
frosted cornflower misty plum magenta
frosted orchid blanched seashell steel
gainsboro dark cornflower aquamarine olive
gainsboro dim misty violet coral
gainsboro sienna lawn lavender tan
gainsboro tomato lawn peru bisque
ghost puff sky linen burnished
ghost steel thistle honeydew pink
goldenrod honeydew cornflower red midnight
goldenrod magenta papaya medium chiffon
goldenrod metallic rose white moccasin
green azure puff metallic lace
green azure rose aquamarine floral
green blush tomato burlywood seashell
green thistle azure rosy dodger
grey seashell bisque indian deep
honeydew brown sienna red chocolate
honeydew cornsilk powder salmon purple
honeydew ghost lace plum sky
honeydew magenta tomato spring medium
honeydew saddle orange white sandy
hot chiffon peru dark metallic
hot maroon purple navajo floral
hot midnight orchid dim steel
indian yellow red lime seashell
ivory bisque black chiffon gainsboro
ivory dim orchid antique spring
ivory navy honeydew sandy midnight
ivory peach light thistle antique
ivory wheat chiffon navy burlywood
khaki lavender cornflower powder white
khaki light black ghost yellow
khaki sky misty sandy tan
lace bisque moccasin peru navajo
lavender blue seashell brown ghost
lavender chocolate moccasin snow green
lavender powder yellow peach indian
lavender slate turquoise dim cornsilk
lawn brown black almond mint
lawn cornflower puff rosy saddle
lawn puff grey forest indian
lawn rosy cornsilk floral misty
lemon midnight metallic sienna steel
light burnished linen sienna dim
lime chiffon sky magenta midnight
lime orange bisque chartreuse lemon
magenta chocolate khaki coral frosted
magenta lace wheat linen yellow
magenta misty lawn salmon navajo
maroon chiffon metallic wheat chartreuse
maroon sienna puff ghost chiffon
medium magenta papaya lemon dodger
metallic black khaki ivory tan
metallic burlywood blue rose thistle
metallic smoke purple rosy magenta
midnight papaya violet peach cream
midnight yellow steel dodger rose
misty aquamarine peru powder white
misty brown medium mint salmon
misty olive purple cream red
misty sandy cornsilk dodger blush
moccasin drab olive metallic papaya
moccasin goldenrod tan maroon bisque
moccasin papaya rose light khaki
navajo deep saddle grey goldenrod
navajo lavender dim puff bisque
navajo lawn cornsilk firebrick magenta
navy linen forest moccasin slate
navy metallic green cornsilk blue
navy pale frosted lawn spring
olive lavender saddle green grey
olive navy almond indian coral
orange navy hot aquamarine sienna
orange tomato maroon puff pale
orchid bisque antique ivory lavender
orchid gainsboro dim chiffon rose
pale rose navajo firebrick aquamarine
papaya frosted cornflower green almond
papaya snow indian burnished almond
papaya violet navy khaki sky
peach indian goldenrod green rosy
peru bisque almond goldenrod green
peru saddle blue dark light
pink beige salmon hot azure
pink black blanched lace chartreuse
pink medium olive rosy linen
pink plum sandy linen goldenrod
pink powder mint moccasin navajo
plum azure almond coral dim
plum cyan almond dark orchid
plum firebrick white mint beige
plum midnight coral snow lemon
plum violet honeydew mint almond
powder firebrick white peach goldenrod
powder medium drab lemon tomato
powder olive turquoise plum tan
powder rose lemon maroon papaya
powder violet magenta chartreuse coral
puff mint dodger hot seashell
puff snow light beige midnight
purple dark lawn navajo indian
red orange salmon rosy thistle
red sky dim light ivory
rose maroon midnight sienna honeydew
rose spring indian violet lime
rosy bisque hot burnished dark
rosy blush grey hot deep
rosy coral thistle ghost papaya
rosy royal orange dodger smoke
royal chocolate yellow dim powder
saddle azure sky burlywood lace
salmon drab medium royal plum
salmon saddle mint snow antique
sandy antique papaya forest powder
sandy mint light medium saddle
sandy spring dark bisque violet
seashell brown peach red cornsilk
seashell thistle navajo cyan midnight
sienna cornsilk chiffon olive blush
sienna indian royal green smoke
sky brown seashell papaya sandy
sky dim thistle saddle pale
sky lemon misty slate lawn
sky peru antique chartreuse snow
sky smoke mint floral metallic
sky yellow mint chiffon wheat
smoke coral white aquamarine drab
snow forest sky chartreuse olive
snow rose moccasin tomato linen
spring honeydew chiffon yellow rosy
spring tan ghost burnished saddle
steel beige mint maroon indian
steel indian magenta royal grey
steel lace chocolate yellow rose
steel papaya chocolate indian antique
tan gainsboro dim azure spring
tan ghost cyan salmon goldenrod
tan green magenta mint forest
tan indian lime olive dodger
tan purple yellow ivory olive
tan thistle frosted indian lawn
thistle black lavender orange ivory
thistle burnished pink yellow wheat
thistle orange seashell lemon metallic
thistle purple spring sky slate
thistle red smoke chartreuse orange
tomato chartreuse cornflower green pale
tomato lime moccasin turquoise grey
turquoise antique brown violet plum
turquoise snow navy brown lime
violet dark midnight lawn cream
violet firebrick cream peru white
wheat blush forest metallic navajo
wheat coral navajo cornflower dark
wheat dim moccasin royal seashell
wheat salmon forest lavender papaya
wheat seashell azure chartreuse dodger
white burnished turquoise sky orange
white dim green aquamarine turquoise
white olive navajo bisque thistle
white peru burnished moccasin seashell
