Customer#000000046|348572.57999999996
Customer#000000271|254365.31999999998
Customer#000000281|213789.05 
Customer#000000284|181362.02999999997
Customer#000000319|303804.13 
Customer#000000413|330728.83 
Customer#000000452|444692.87 
Customer#000000455|596937.66 
Customer#000000539|97403.16  
Customer#000000587|357668.72000000003
Customer#000000667|594720.19 
Customer#000000683|201558.33000000002
Customer#000000686|232365.97999999998
Customer#000000703|159266.98 
Customer#000000712|343935.86 
Customer#000000833|487150.95999999996
Customer#000001021|122808.25 
Customer#000001097|239626.14 
Customer#000001111|803488.34 
Customer#000001379|339985.6  
Customer#000001402|99207.59  
Customer#000001477|838422.64 
