almond rosy green hot midnight
almond steel maroon chiffon frosted
antique maroon olive turquoise lace
chocolate dim honeydew orange dodger
cream coral sandy thistle spring
cream white navajo frosted puff
cyan powder brown sandy burlywood
dim spring tan turquoise dodger
dodger moccasin wheat puff lace
dodger navajo navy peru salmon
green blue royal coral indian
hot azure royal red dark
indian cornflower cream rosy royal
ivory orchid azure frosted light
lime yellow sandy floral khaki
misty snow thistle burlywood wheat
navajo lace sandy aquamarine light
navy sky spring orchid forest
olive khaki drab seashell powder
papaya cornsilk gainsboro rose pink
peru sky almond aquamarine drab
plum indian cornflower frosted purple
powder lavender wheat pale puff
rose bisque forest cornflower cream
rosy dodger puff maroon papaya
seashell pink midnight bisque lace
sienna burlywood salmon navy green
slate drab medium puff gainsboro
slate forest spring pink peru
tan seashell chocolate lemon orange
