AFRICA|AFRICA|1996|14161191.5917
AFRICA|AFRICA|1997|14570209.7297
AFRICA|AMERICA|1996|12527574.125
AFRICA|AMERICA|1997|11553373.7984
AFRICA|ASIA|1996|11415726.8856
AFRICA|ASIA|1997|13731361.1768
AFRICA|EUROPE|1996|10943945.1167
AFRICA|EUROPE|1997|11021694.8735
AFRICA|MIDDLE EAST|1996|15094647.549
AFRICA|MIDDLE EAST|1997|13153400.6824
AMERICA|AFRICA|1996|12671695.6592
AMERICA|AFRICA|1997|12610837.2645
AMERICA|AMERICA|1996|12545861.8983
AMERICA|AMERICA|1997|10549814.5987
AMERICA|ASIA|1996|12449058.9155
AMERICA|ASIA|1997|13138102.0806
AMERICA|EUROPE|1996|11584605.2256
AMERICA|EUROPE|1997|10887043.5241
AMERICA|MIDDLE EAST|1996|13487616.0706
AMERICA|MIDDLE EAST|1997|13131198.8344
ASIA|AFRICA|1996|17948728.9726
ASIA|AFRICA|1997|17103517.2316
ASIA|AMERICA|1996|17899534.5052
ASIA|AMERICA|1997|15290194.3407
ASIA|ASIA|1996|15622261.5685
ASIA|ASIA|1997|18357437.4021
ASIA|EUROPE|1996|14424019.0653
ASIA|EUROPE|1997|15876985.8559
ASIA|MIDDLE EAST|1996|19773282.8704
ASIA|MIDDLE EAST|1997|18259883.643
EUROPE|AFRICA|1996|12825964.4915
EUROPE|AFRICA|1997|14045460.1621
EUROPE|AMERICA|1996|11630433.8056
EUROPE|AMERICA|1997|12074915.9552
EUROPE|ASIA|1996|12709779.1403
EUROPE|ASIA|1997|12744926.1482
EUROPE|EUROPE|1996|10997066.6024
EUROPE|EUROPE|1997|10938558.7163
EUROPE|MIDDLE EAST|1996|14075469.0249
EUROPE|MIDDLE EAST|1997|13716242.1219
MIDDLE EAST|AFRICA|1996|7595007.0045
MIDDLE EAST|AFRICA|1997|7166493.7174
MIDDLE EAST|AMERICA|1996|8110707.5254
MIDDLE EAST|AMERICA|1997|6443799.2977
MIDDLE EAST|ASIA|1996|6951258.4065
MIDDLE EAST|ASIA|1997|8835206.04860001
MIDDLE EAST|EUROPE|1996|6699227.5742
MIDDLE EAST|EUROPE|1997|6988124.4989
MIDDLE EAST|MIDDLE EAST|1996|8676726.3178
MIDDLE EAST|MIDDLE EAST|1997|8141591.9981
