ECONOMY ANODIZED BRASS|0|0.1
ECONOMY ANODIZED COPPER|0|0.1
ECONOMY ANODIZED NICKEL|0|0.1
ECONOMY ANODIZED STEEL|0|0.1
ECONOMY ANODIZED TIN|0|0.1
ECONOMY BRUSHED BRASS|0|0.1
ECONOMY BRUSHED COPPER|0|0.1
ECONOMY BRUSHED NICKEL|0|0.1
ECONOMY BRUSHED STEEL|0|0.1
ECONOMY BRUSHED TIN|0|0.1
ECONOMY BURNISHED BRASS|0|0.1
ECONOMY BURNISHED COPPER|0|0.1
ECONOMY BURNISHED NICKEL|0|0.1
ECONOMY BURNISHED STEEL|0|0.1
ECONOMY BURNISHED TIN|0|0.1
ECONOMY PLATED BRASS|0|0.1
ECONOMY PLATED COPPER|0|0.1
ECONOMY PLATED NICKEL|0|0.1
ECONOMY PLATED STEEL|0|0.1
ECONOMY PLATED TIN|0|0.1
ECONOMY POLISHED BRASS|0|0.1
ECONOMY POLISHED COPPER|0|0.1
ECONOMY POLISHED NICKEL|0|0.1
ECONOMY POLISHED STEEL|0|0.1
ECONOMY POLISHED TIN|0|0.1
LARGE ANODIZED BRASS|0|0.1
LARGE ANODIZED COPPER|0|0.1
LARGE ANODIZED NICKEL|0|0.1
LARGE ANODIZED STEEL|0|0.1
LARGE ANODIZED TIN|0|0.1
LARGE BRUSHED BRASS|0|0.1
LARGE BRUSHED COPPER|0|0.1
LARGE BRUSHED NICKEL|0|0.1
LARGE BRUSHED STEEL|0|0.1
LARGE BRUSHED TIN|0|0.1
LARGE BURNISHED BRASS|0|0.1
LARGE BURNISHED COPPER|0|0.1
LARGE BURNISHED NICKEL|0|0.1
LARGE BURNISHED STEEL|0|0.1
LARGE BURNISHED TIN|0|0.1
LARGE PLATED BRASS|0|0.1
LARGE PLATED COPPER|0|0.1
LARGE PLATED NICKEL|0|0.1
LARGE PLATED STEEL|0|0.1
LARGE PLATED TIN|0|0.1
LARGE POLISHED BRASS|0|0.1
LARGE POLISHED COPPER|0|0.1
LARGE POLISHED NICKEL|0|0.1
LARGE POLISHED STEEL|0|0.1
LARGE POLISHED TIN|0|0.1
MEDIUM ANODIZED BRASS|0|0.1
MEDIUM ANODIZED COPPER|0|0.1
MEDIUM ANODIZED NICKEL|0|0.1
MEDIUM ANODIZED STEEL|0|0.1
MEDIUM ANODIZED TIN|0|0.1
MEDIUM BRUSHED BRASS|0|0.1
MEDIUM BRUSHED COPPER|0|0.1
MEDIUM BRUSHED NICKEL|0|0.1
MEDIUM BRUSHED STEEL|0|0.1
MEDIUM BRUSHED TIN|0|0.1
MEDIUM BURNISHED BRASS|0|0.1
MEDIUM BURNISHED COPPER|0|0.1
MEDIUM BURNISHED NICKEL|0|0.1
MEDIUM BURNISHED STEEL|0|0.1
MEDIUM BURNISHED TIN|0|0.1
MEDIUM PLATED BRASS|0|0.1
MEDIUM PLATED COPPER|0|0.1
MEDIUM PLATED NICKEL|0|0.1
MEDIUM PLATED STEEL|0|0.1
MEDIUM PLATED TIN|0|0.1
MEDIUM POLISHED BRASS|0|0.1
MEDIUM POLISHED COPPER|0|0.1
MEDIUM POLISHED NICKEL|0|0.1
MEDIUM POLISHED STEEL|0|0.1
MEDIUM POLISHED TIN|0|0.1
PROMO ANODIZED BRASS|0|0.1
PROMO ANODIZED COPPER|0|0.1
PROMO ANODIZED NICKEL|0|0.1
PROMO ANODIZED STEEL|0|0.1
PROMO ANODIZED TIN|0|0.1
PROMO BRUSHED BRASS|0|0.1
PROMO BRUSHED COPPER|0|0.1
PROMO BRUSHED NICKEL|0|0.1
PROMO BRUSHED STEEL|0|0.1
PROMO BRUSHED TIN|0|0.1
PROMO BURNISHED BRASS|0|0.1
PROMO BURNISHED COPPER|0|0.1
PROMO BURNISHED NICKEL|0|0.1
PROMO BURNISHED STEEL|0|0.1
PROMO BURNISHED TIN|0|0.1
PROMO PLATED BRASS|0|0.1
PROMO PLATED COPPER|0|0.1
PROMO PLATED NICKEL|0|0.1
PROMO PLATED STEEL|0|0.1
PROMO PLATED TIN|0|0.1
PROMO POLISHED BRASS|0|0.1
PROMO POLISHED COPPER|0|0.1
PROMO POLISHED NICKEL|0|0.1
PROMO POLISHED STEEL|0|0.1
PROMO POLISHED TIN|0|0.1
SMALL ANODIZED BRASS|0|0.1
SMALL ANODIZED COPPER|0|0.1
SMALL ANODIZED NICKEL|0|0.1
SMALL ANODIZED STEEL|0|0.1
SMALL ANODIZED TIN|0|0.1
SMALL BRUSHED BRASS|0|0.1
SMALL BRUSHED COPPER|0|0.1
SMALL BRUSHED NICKEL|0|0.1
SMALL BRUSHED STEEL|0|0.1
SMALL BRUSHED TIN|0|0.1
SMALL BURNISHED BRASS|0|0.1
SMALL BURNISHED COPPER|0|0.1
SMALL BURNISHED NICKEL|0|0.1
SMALL BURNISHED STEEL|0|0.1
SMALL BURNISHED TIN|0|0.1
SMALL PLATED BRASS|0|0.1
SMALL PLATED COPPER|0|0.1
SMALL PLATED NICKEL|0|0.1
SMALL PLATED STEEL|0|0.1
SMALL PLATED TIN|0|0.1
SMALL POLISHED BRASS|0|0.1
SMALL POLISHED COPPER|0|0.1
SMALL POLISHED NICKEL|0|0.1
SMALL POLISHED STEEL|0|0.1
SMALL POLISHED TIN|0|0.1
STANDARD ANODIZED BRASS|0|0.1
STANDARD ANODIZED COPPER|0|0.1
STANDARD ANODIZED NICKEL|0|0.1
STANDARD ANODIZED STEEL|0|0.1
STANDARD ANODIZED TIN|0|0.1
STANDARD BRUSHED BRASS|0|0.1
STANDARD BRUSHED COPPER|0|0.1
STANDARD BRUSHED NICKEL|0|0.1
STANDARD BRUSHED STEEL|0|0.1
STANDARD BRUSHED TIN|0|0.1
STANDARD BURNISHED BRASS|0|0.1
STANDARD BURNISHED COPPER|0|0.1
STANDARD BURNISHED NICKEL|0|0.1
STANDARD BURNISHED STEEL|0|0.1
STANDARD BURNISHED TIN|0|0.1
STANDARD PLATED BRASS|0|0.1
STANDARD PLATED COPPER|0|0.1
STANDARD PLATED NICKEL|0|0.1
STANDARD PLATED STEEL|0|0.1
STANDARD PLATED TIN|0|0.1
STANDARD POLISHED BRASS|0|0.1
STANDARD POLISHED COPPER|0|0.1
STANDARD POLISHED NICKEL|0|0.1
STANDARD POLISHED STEEL|0|0.1
STANDARD POLISHED TIN|0|0.1
