Supplier#000000001|763
Supplier#000000002|763
Supplier#000000003|763
Supplier#000000004|763
Supplier#000000005|763
Supplier#000000006|763
Supplier#000000007|763
Supplier#000000008|763
Supplier#000000009|763
Supplier#000000010|763
Supplier#000000011|763
Supplier#000000012|763
Supplier#000000013|763
Supplier#000000014|763
Supplier#000000015|763
Supplier#000000016|763
Supplier#000000017|763
Supplier#000000018|763
Supplier#000000019|763
Supplier#000000020|763
Supplier#000000021|763
Supplier#000000022|763
Supplier#000000023|763
Supplier#000000024|763
Supplier#000000025|763
Supplier#000000026|763
Supplier#000000027|763
Supplier#000000028|763
Supplier#000000029|763
Supplier#000000030|763
Supplier#000000031|763
Supplier#000000032|763
Supplier#000000033|763
Supplier#000000034|763
Supplier#000000035|763
Supplier#000000036|763
Supplier#000000037|763
Supplier#000000038|763
Supplier#000000039|763
Supplier#000000040|763
Supplier#000000041|763
Supplier#000000042|763
Supplier#000000043|763
Supplier#000000044|763
Supplier#000000045|763
Supplier#000000046|763
Supplier#000000047|763
Supplier#000000048|763
Supplier#000000049|763
Supplier#000000050|763
Supplier#000000051|763
Supplier#000000052|763
Supplier#000000053|763
Supplier#000000054|763
Supplier#000000055|763
Supplier#000000056|763
Supplier#000000057|763
Supplier#000000058|763
Supplier#000000059|763
Supplier#000000060|763
Supplier#000000061|763
Supplier#000000062|763
Supplier#000000063|763
Supplier#000000064|763
Supplier#000000065|763
Supplier#000000066|763
Supplier#000000067|763
Supplier#000000068|763
Supplier#000000069|763
Supplier#000000070|763
Supplier#000000071|763
Supplier#000000072|763
Supplier#000000073|763
Supplier#000000074|763
Supplier#000000075|763
Supplier#000000076|763
Supplier#000000077|763
Supplier#000000078|763
Supplier#000000079|763
Supplier#000000080|763
Supplier#000000081|763
Supplier#000000082|763
Supplier#000000083|763
Supplier#000000084|763
Supplier#000000085|763
Supplier#000000086|763
Supplier#000000087|763
Supplier#000000088|763
Supplier#000000089|763
Supplier#000000090|763
Supplier#000000091|763
Supplier#000000092|763
Supplier#000000093|763
Supplier#000000094|763
Supplier#000000095|763
Supplier#000000096|763
Supplier#000000097|763
Supplier#000000098|763
Supplier#000000099|763
Supplier#000000100|763
